0 verbose cli C:\Program Files\nodejs\node.exe C:\Users\notai\AppData\Roaming\npm\node_modules\npm\bin\npm-cli.js
1 info using npm@10.8.1
2 info using node@v20.9.0
3 silly config load:file:C:\Users\notai\AppData\Roaming\npm\node_modules\npm\npmrc
4 silly config load:file:G:\notai\VSCodeProjects\tacommodity\.npmrc
5 silly config load:file:C:\Users\notai\.npmrc
6 silly config load:file:C:\Users\notai\AppData\Roaming\npm\etc\npmrc
7 verbose title npm i postgres
8 verbose argv "i" "postgres"
9 verbose logfile logs-max:10 dir:G:\notai\VSCodeProjects\tacommodity\notai\packages\npm\_logs\2025-02-22T16_06_37_104Z-
10 verbose logfile G:\notai\VSCodeProjects\tacommodity\notai\packages\npm\_logs\2025-02-22T16_06_37_104Z-debug-0.log
11 silly packumentCache heap:4345298944 maxSize:1086324736 maxEntrySize:543162368
12 silly logfile start cleaning logs, removing 2 files
13 silly logfile done cleaning log files
14 silly idealTree buildDeps
15 silly fetch manifest postgres@*
16 silly packumentCache full:https://registry.npmjs.org/postgres cache-miss
17 http fetch GET 200 https://registry.npmjs.org/postgres 1192ms (cache miss)
18 silly packumentCache full:https://registry.npmjs.org/postgres set size:undefined disposed:false
19 silly placeDep ROOT postgres@3.4.5 OK for: tacommodity@0.1.0 want: *
20 silly reify moves {}
21 silly audit bulk request {
21 silly audit   '@babel/runtime': [ '7.26.9' ],
21 silly audit   '@emnapi/runtime': [ '1.3.1' ],
21 silly audit   '@eslint-community/eslint-utils': [ '4.4.1' ],
21 silly audit   'eslint-visitor-keys': [ '3.4.3', '4.2.0' ],
21 silly audit   '@eslint-community/regexpp': [ '4.12.1' ],
21 silly audit   '@eslint/config-array': [ '0.19.2' ],
21 silly audit   '@eslint/core': [ '0.11.0', '0.10.0' ],
21 silly audit   '@eslint/eslintrc': [ '3.2.0' ],
21 silly audit   '@eslint/js': [ '9.20.0' ],
21 silly audit   '@eslint/object-schema': [ '2.1.6' ],
21 silly audit   '@eslint/plugin-kit': [ '0.2.5' ],
21 silly audit   '@humanfs/core': [ '0.19.1' ],
21 silly audit   '@humanfs/node': [ '0.16.6' ],
21 silly audit   '@humanwhocodes/retry': [ '0.3.1', '0.4.1' ],
21 silly audit   '@humanwhocodes/module-importer': [ '1.0.1' ],
21 silly audit   '@img/sharp-darwin-arm64': [ '0.33.5' ],
21 silly audit   '@img/sharp-darwin-x64': [ '0.33.5' ],
21 silly audit   '@img/sharp-libvips-darwin-arm64': [ '1.0.4' ],
21 silly audit   '@img/sharp-libvips-darwin-x64': [ '1.0.4' ],
21 silly audit   '@img/sharp-libvips-linux-arm': [ '1.0.5' ],
21 silly audit   '@img/sharp-libvips-linux-arm64': [ '1.0.4' ],
21 silly audit   '@img/sharp-libvips-linux-s390x': [ '1.0.4' ],
21 silly audit   '@img/sharp-libvips-linux-x64': [ '1.0.4' ],
21 silly audit   '@img/sharp-libvips-linuxmusl-arm64': [ '1.0.4' ],
21 silly audit   '@img/sharp-libvips-linuxmusl-x64': [ '1.0.4' ],
21 silly audit   '@img/sharp-linux-arm': [ '0.33.5' ],
21 silly audit   '@img/sharp-linux-arm64': [ '0.33.5' ],
21 silly audit   '@img/sharp-linux-s390x': [ '0.33.5' ],
21 silly audit   '@img/sharp-linux-x64': [ '0.33.5' ],
21 silly audit   '@img/sharp-linuxmusl-arm64': [ '0.33.5' ],
21 silly audit   '@img/sharp-linuxmusl-x64': [ '0.33.5' ],
21 silly audit   '@img/sharp-wasm32': [ '0.33.5' ],
21 silly audit   '@img/sharp-win32-ia32': [ '0.33.5' ],
21 silly audit   '@img/sharp-win32-x64': [ '0.33.5' ],
21 silly audit   '@next/env': [ '15.1.7' ],
21 silly audit   '@next/eslint-plugin-next': [ '15.1.7' ],
21 silly audit   '@next/swc-darwin-arm64': [ '15.1.7' ],
21 silly audit   '@next/swc-darwin-x64': [ '15.1.7' ],
21 silly audit   '@next/swc-linux-arm64-gnu': [ '15.1.7' ],
21 silly audit   '@next/swc-linux-arm64-musl': [ '15.1.7' ],
21 silly audit   '@next/swc-linux-x64-gnu': [ '15.1.7' ],
21 silly audit   '@next/swc-linux-x64-musl': [ '15.1.7' ],
21 silly audit   '@next/swc-win32-arm64-msvc': [ '15.1.7' ],
21 silly audit   '@next/swc-win32-x64-msvc': [ '15.1.7' ],
21 silly audit   '@nodelib/fs.scandir': [ '2.1.5' ],
21 silly audit   '@nodelib/fs.stat': [ '2.0.5' ],
21 silly audit   '@nodelib/fs.walk': [ '1.2.8' ],
21 silly audit   '@nolyfill/is-core-module': [ '1.0.39' ],
21 silly audit   '@popperjs/core': [ '2.11.8' ],
21 silly audit   '@rtsao/scc': [ '1.1.0' ],
21 silly audit   '@rushstack/eslint-patch': [ '1.10.5' ],
21 silly audit   '@srexi/purecounterjs': [ '1.5.0' ],
21 silly audit   '@swc/counter': [ '0.1.3' ],
21 silly audit   '@swc/helpers': [ '0.5.15' ],
21 silly audit   '@types/estree': [ '1.0.6' ],
21 silly audit   '@types/json-schema': [ '7.0.15' ],
21 silly audit   '@types/json5': [ '0.0.29' ],
21 silly audit   '@typescript-eslint/eslint-plugin': [ '8.24.0' ],
21 silly audit   '@typescript-eslint/parser': [ '8.24.0' ],
21 silly audit   '@typescript-eslint/scope-manager': [ '8.24.0' ],
21 silly audit   '@typescript-eslint/type-utils': [ '8.24.0' ],
21 silly audit   '@typescript-eslint/types': [ '8.24.0' ],
21 silly audit   '@typescript-eslint/typescript-estree': [ '8.24.0' ],
21 silly audit   'brace-expansion': [ '2.0.1', '1.1.11' ],
21 silly audit   'fast-glob': [ '3.3.3', '3.3.1' ],
21 silly audit   'glob-parent': [ '5.1.2', '6.0.2' ],
21 silly audit   minimatch: [ '9.0.5', '3.1.2' ],
21 silly audit   '@typescript-eslint/utils': [ '8.24.0' ],
21 silly audit   '@typescript-eslint/visitor-keys': [ '8.24.0' ],
21 silly audit   '@webcomponents/webcomponentsjs': [ '2.8.0' ],
21 silly audit   acorn: [ '8.14.0' ],
21 silly audit   'acorn-jsx': [ '5.3.2' ],
21 silly audit   ajv: [ '6.12.6' ],
21 silly audit   'ansi-styles': [ '4.3.0' ],
21 silly audit   aos: [ '2.3.4' ],
21 silly audit   argparse: [ '2.0.1' ],
21 silly audit   'aria-query': [ '5.3.2' ],
21 silly audit   'array-buffer-byte-length': [ '1.0.2' ],
21 silly audit   'array-includes': [ '3.1.8' ],
21 silly audit   'array.prototype.findlast': [ '1.2.5' ],
21 silly audit   'array.prototype.findlastindex': [ '1.2.5' ],
21 silly audit   'array.prototype.flat': [ '1.3.3' ],
21 silly audit   'array.prototype.flatmap': [ '1.3.3' ],
21 silly audit   'array.prototype.tosorted': [ '1.1.4' ],
21 silly audit   'arraybuffer.prototype.slice': [ '1.0.4' ],
21 silly audit   'ast-types-flow': [ '0.0.8' ],
21 silly audit   'async-function': [ '1.0.0' ],
21 silly audit   'available-typed-arrays': [ '1.0.7' ],
21 silly audit   'axe-core': [ '4.10.2' ],
21 silly audit   'axobject-query': [ '4.1.0' ],
21 silly audit   'balanced-match': [ '1.0.2' ],
21 silly audit   bootstrap: [ '5.3.3' ],
21 silly audit   'bootstrap-icons': [ '1.11.3' ],
21 silly audit   boxicons: [ '2.1.4' ],
21 silly audit   react: [ '16.14.0', '19.0.0' ],
21 silly audit   'react-dom': [ '16.14.0', '19.0.0' ],
21 silly audit   scheduler: [ '0.19.1', '0.25.0' ],
21 silly audit   braces: [ '3.0.3' ],
21 silly audit   busboy: [ '1.6.0' ],
21 silly audit   'call-bind': [ '1.0.8' ],
21 silly audit   'call-bind-apply-helpers': [ '1.0.2' ],
21 silly audit   'call-bound': [ '1.0.3' ],
21 silly audit   callsites: [ '3.1.0' ],
21 silly audit   'caniuse-lite': [ '1.0.30001700' ],
21 silly audit   chalk: [ '4.1.2' ],
21 silly audit   'classlist-polyfill': [ '1.2.0' ],
21 silly audit   'client-only': [ '0.0.1' ],
21 silly audit   color: [ '4.2.3' ],
21 silly audit   'color-convert': [ '2.0.1' ],
21 silly audit   'color-name': [ '1.1.4' ],
21 silly audit   'color-string': [ '1.9.1' ],
21 silly audit   'concat-map': [ '0.0.1' ],
21 silly audit   'countup.js': [ '2.8.0' ],
21 silly audit   'cross-spawn': [ '7.0.6' ],
21 silly audit   'damerau-levenshtein': [ '1.0.8' ],
21 silly audit   'data-view-buffer': [ '1.0.2' ],
21 silly audit   'data-view-byte-length': [ '1.0.2' ],
21 silly audit   'data-view-byte-offset': [ '1.0.1' ],
21 silly audit   debug: [ '4.4.0', '3.2.7' ],
21 silly audit   'deep-is': [ '0.1.4' ],
21 silly audit   'define-data-property': [ '1.1.4' ],
21 silly audit   'define-properties': [ '1.2.1' ],
21 silly audit   'detect-hover': [ '1.0.3' ],
21 silly audit   'detect-it': [ '3.0.7' ],
21 silly audit   'detect-libc': [ '2.0.3' ],
21 silly audit   'detect-passive-events': [ '1.0.5' ],
21 silly audit   'detect-pointer': [ '1.0.3' ],
21 silly audit   'detect-touch-events': [ '2.0.2' ],
21 silly audit   doctrine: [ '2.1.0' ],
21 silly audit   'dunder-proto': [ '1.0.1' ],
21 silly audit   'emoji-regex': [ '9.2.2' ],
21 silly audit   'enhanced-resolve': [ '5.18.1' ],
21 silly audit   'es-abstract': [ '1.23.9' ],
21 silly audit   'es-define-property': [ '1.0.1' ],
21 silly audit   'es-errors': [ '1.3.0' ],
21 silly audit   'es-iterator-helpers': [ '1.2.1' ],
21 silly audit   'es-object-atoms': [ '1.1.1' ],
21 silly audit   'es-set-tostringtag': [ '2.1.0' ],
21 silly audit   'es-shim-unscopables': [ '1.1.0' ],
21 silly audit   'es-to-primitive': [ '1.3.0' ],
21 silly audit   'escape-string-regexp': [ '4.0.0' ],
21 silly audit   eslint: [ '9.20.1' ],
21 silly audit   'eslint-config-next': [ '15.1.7' ],
21 silly audit   'eslint-import-resolver-node': [ '0.3.9' ],
21 silly audit   'eslint-import-resolver-typescript': [ '3.8.0' ],
21 silly audit   'eslint-module-utils': [ '2.12.0' ],
21 silly audit   'eslint-plugin-import': [ '2.31.0' ],
21 silly audit   semver: [ '6.3.1', '7.7.1' ],
21 silly audit   'eslint-plugin-jsx-a11y': [ '6.10.2' ],
21 silly audit   'eslint-plugin-react': [ '7.37.4' ],
21 silly audit   'eslint-plugin-react-hooks': [ '5.1.0' ],
21 silly audit   resolve: [ '2.0.0-next.5', '1.22.10' ],
21 silly audit   'eslint-scope': [ '8.2.0' ],
21 silly audit   espree: [ '10.3.0' ],
21 silly audit   esquery: [ '1.6.0' ],
21 silly audit   esrecurse: [ '4.3.0' ],
21 silly audit   estraverse: [ '5.3.0' ],
21 silly audit   esutils: [ '2.0.3' ],
21 silly audit   'fast-deep-equal': [ '3.1.3' ],
21 silly audit   'fast-json-stable-stringify': [ '2.1.0' ],
21 silly audit   'fast-levenshtein': [ '2.0.6' ],
21 silly audit   fastq: [ '1.19.0' ],
21 silly audit   'file-entry-cache': [ '8.0.0' ],
21 silly audit   'fill-range': [ '7.1.1' ],
21 silly audit   'find-up': [ '5.0.0' ],
21 silly audit   'flat-cache': [ '4.0.1' ],
21 silly audit   flatted: [ '3.3.2' ],
21 silly audit   'for-each': [ '0.3.5' ],
21 silly audit   'function-bind': [ '1.1.2' ],
21 silly audit   'function.prototype.name': [ '1.1.8' ],
21 silly audit   'functions-have-names': [ '1.2.3' ],
21 silly audit   'get-intrinsic': [ '1.2.7' ],
21 silly audit   'get-proto': [ '1.0.1' ],
21 silly audit   'get-symbol-description': [ '1.1.0' ],
21 silly audit   'get-tsconfig': [ '4.10.0' ],
21 silly audit   globals: [ '14.0.0' ],
21 silly audit   globalthis: [ '1.0.4' ],
21 silly audit   gopd: [ '1.2.0' ],
21 silly audit   'graceful-fs': [ '4.2.11' ],
21 silly audit   graphemer: [ '1.4.0' ],
21 silly audit   'has-bigints': [ '1.1.0' ],
21 silly audit   'has-flag': [ '4.0.0' ],
21 silly audit   'has-property-descriptors': [ '1.0.2' ],
21 silly audit   'has-proto': [ '1.2.0' ],
21 silly audit   'has-symbols': [ '1.1.0' ],
21 silly audit   'has-tostringtag': [ '1.0.2' ],
21 silly audit   hasown: [ '2.0.2' ],
21 silly audit   history: [ '4.10.1' ],
21 silly audit   'hoist-non-react-statics': [ '2.5.5' ],
21 silly audit   ignore: [ '5.3.2' ],
21 silly audit   'import-fresh': [ '3.3.1' ],
21 silly audit   imurmurhash: [ '0.1.4' ],
21 silly audit   'internal-slot': [ '1.1.0' ],
21 silly audit   invariant: [ '2.2.4' ],
21 silly audit   'is-array-buffer': [ '3.0.5' ],
21 silly audit   'is-arrayish': [ '0.3.2' ],
21 silly audit   'is-async-function': [ '2.1.1' ],
21 silly audit   'is-bigint': [ '1.1.0' ],
21 silly audit   'is-boolean-object': [ '1.2.2' ],
21 silly audit   'is-bun-module': [ '1.3.0' ],
21 silly audit   'is-callable': [ '1.2.7' ],
21 silly audit   'is-core-module': [ '2.16.1' ],
21 silly audit   'is-data-view': [ '1.0.2' ],
21 silly audit   'is-date-object': [ '1.1.0' ],
21 silly audit   'is-extglob': [ '2.1.1' ],
21 silly audit   'is-finalizationregistry': [ '1.1.1' ],
21 silly audit   'is-generator-function': [ '1.1.0' ],
21 silly audit   'is-glob': [ '4.0.3' ],
21 silly audit   'is-map': [ '2.0.3' ],
21 silly audit   'is-number': [ '7.0.0' ],
21 silly audit   'is-number-object': [ '1.1.1' ],
21 silly audit   'is-regex': [ '1.2.1' ],
21 silly audit   'is-set': [ '2.0.3' ],
21 silly audit   'is-shared-array-buffer': [ '1.0.4' ],
21 silly audit   'is-string': [ '1.1.1' ],
21 silly audit   'is-symbol': [ '1.1.1' ],
21 silly audit   'is-typed-array': [ '1.1.15' ],
21 silly audit   'is-weakmap': [ '2.0.2' ],
21 silly audit   'is-weakref': [ '1.1.1' ],
21 silly audit   'is-weakset': [ '2.0.4' ],
21 silly audit   isarray: [ '2.0.5', '0.0.1' ],
21 silly audit   isexe: [ '2.0.0' ],
21 silly audit   'iterator.prototype': [ '1.1.5' ],
21 silly audit   'js-tokens': [ '4.0.0' ],
21 silly audit   'js-yaml': [ '4.1.0' ],
21 silly audit   'json-buffer': [ '3.0.1' ],
21 silly audit   'json-schema-traverse': [ '0.4.1' ],
21 silly audit   'json-stable-stringify-without-jsonify': [ '1.0.1' ],
21 silly audit   json5: [ '1.0.2' ],
21 silly audit   'jsx-ast-utils': [ '3.3.5' ],
21 silly audit   keyv: [ '4.5.4' ],
21 silly audit   'language-subtag-registry': [ '0.3.23' ],
21 silly audit   'language-tags': [ '1.0.9' ],
21 silly audit   levn: [ '0.4.1' ],
21 silly audit   'locate-path': [ '6.0.0' ],
21 silly audit   'lodash.debounce': [ '4.0.8' ],
21 silly audit   'lodash.merge': [ '4.6.2' ],
21 silly audit   'lodash.throttle': [ '4.1.1' ],
21 silly audit   'loose-envify': [ '1.4.0' ],
21 silly audit   'math-intrinsics': [ '1.1.0' ],
21 silly audit   merge2: [ '1.4.1' ],
21 silly audit   micromatch: [ '4.0.8' ],
21 silly audit   minimist: [ '1.2.8' ],
21 silly audit   ms: [ '2.1.3' ],
21 silly audit   nanoid: [ '3.3.8' ],
21 silly audit   'natural-compare': [ '1.4.0' ],
21 silly audit   next: [ '15.1.7' ],
21 silly audit   'object-assign': [ '4.1.1' ],
21 silly audit   'object-inspect': [ '1.13.4' ],
21 silly audit   'object-keys': [ '1.1.1' ],
21 silly audit   'object.assign': [ '4.1.7' ],
21 silly audit   'object.entries': [ '1.1.8' ],
21 silly audit   'object.fromentries': [ '2.0.8' ],
21 silly audit   'object.groupby': [ '1.0.3' ],
21 silly audit   'object.values': [ '1.2.1' ],
21 silly audit   optionator: [ '0.9.4' ],
21 silly audit   'own-keys': [ '1.0.1' ],
21 silly audit   'p-limit': [ '3.1.0' ],
21 silly audit   'p-locate': [ '5.0.0' ],
21 silly audit   'parent-module': [ '1.0.1' ],
21 silly audit   'path-exists': [ '4.0.0' ],
21 silly audit   'path-key': [ '3.1.1' ],
21 silly audit   'path-parse': [ '1.0.7' ],
21 silly audit   'path-to-regexp': [ '1.9.0' ],
21 silly audit   picocolors: [ '1.1.1' ],
21 silly audit   picomatch: [ '2.3.1', '4.0.2' ],
21 silly audit   'possible-typed-array-names': [ '1.1.0' ],
21 silly audit   postcss: [ '8.4.31' ],
21 silly audit   'prelude-ls': [ '1.2.1' ],
21 silly audit   'prop-types': [ '15.8.1' ],
21 silly audit   punycode: [ '2.3.1' ],
21 silly audit   'queue-microtask': [ '1.2.3' ],
21 silly audit   'react-countup': [ '6.5.3' ],
21 silly audit   'react-interactive': [ '0.8.3' ],
21 silly audit   'react-is': [ '16.13.1' ],
21 silly audit   'react-router': [ '4.3.1' ],
21 silly audit   'react-router-dom': [ '4.3.1' ],
21 silly audit   'reflect.getprototypeof': [ '1.0.10' ],
21 silly audit   'regenerator-runtime': [ '0.14.1' ],
21 silly audit   'regexp.prototype.flags': [ '1.5.4' ],
21 silly audit   'resolve-from': [ '4.0.0' ],
21 silly audit   'resolve-pathname': [ '3.0.0' ],
21 silly audit   'resolve-pkg-maps': [ '1.0.0' ],
21 silly audit   reusify: [ '1.0.4' ],
21 silly audit   'run-parallel': [ '1.2.0' ],
21 silly audit   'safe-array-concat': [ '1.1.3' ],
21 silly audit   'safe-push-apply': [ '1.0.0' ],
21 silly audit   'safe-regex-test': [ '1.1.0' ],
21 silly audit   'set-function-length': [ '1.2.2' ],
21 silly audit   'set-function-name': [ '2.0.2' ],
21 silly audit   'set-proto': [ '1.0.0' ],
21 silly audit   sharp: [ '0.33.5' ],
21 silly audit   'shebang-command': [ '2.0.0' ],
21 silly audit   'shebang-regex': [ '3.0.0' ],
21 silly audit   'side-channel': [ '1.1.0' ],
21 silly audit   'side-channel-list': [ '1.0.0' ],
21 silly audit   'side-channel-map': [ '1.0.1' ],
21 silly audit   'side-channel-weakmap': [ '1.0.2' ],
21 silly audit   'simple-swizzle': [ '0.2.2' ],
21 silly audit   'source-map-js': [ '1.2.1' ],
21 silly audit   'stable-hash': [ '0.0.4' ],
21 silly audit   streamsearch: [ '1.1.0' ],
21 silly audit   'string.prototype.includes': [ '2.0.1' ],
21 silly audit   'string.prototype.matchall': [ '4.0.12' ],
21 silly audit   'string.prototype.repeat': [ '1.0.0' ],
21 silly audit   'string.prototype.trim': [ '1.2.10' ],
21 silly audit   'string.prototype.trimend': [ '1.0.9' ],
21 silly audit   'string.prototype.trimstart': [ '1.0.8' ],
21 silly audit   'strip-bom': [ '3.0.0' ],
21 silly audit   'strip-json-comments': [ '3.1.1' ],
21 silly audit   'styled-jsx': [ '5.1.6' ],
21 silly audit   'supports-color': [ '7.2.0' ],
21 silly audit   'supports-preserve-symlinks-flag': [ '1.0.0' ],
21 silly audit   swiper: [ '11.2.4' ],
21 silly audit   tapable: [ '2.2.1' ],
21 silly audit   'tiny-invariant': [ '1.3.3' ],
21 silly audit   'tiny-warning': [ '1.0.3' ],
21 silly audit   tinyglobby: [ '0.2.10' ],
21 silly audit   fdir: [ '6.4.3' ],
21 silly audit   'to-regex-range': [ '5.0.1' ],
21 silly audit   'ts-api-utils': [ '2.0.1' ],
21 silly audit   'tsconfig-paths': [ '3.15.0' ],
21 silly audit   tslib: [ '2.8.1' ],
21 silly audit   'type-check': [ '0.4.0' ],
21 silly audit   'typed-array-buffer': [ '1.0.3' ],
21 silly audit   'typed-array-byte-length': [ '1.0.3' ],
21 silly audit   'typed-array-byte-offset': [ '1.0.4' ],
21 silly audit   'typed-array-length': [ '1.0.7' ],
21 silly audit   typescript: [ '5.7.3' ],
21 silly audit   'unbox-primitive': [ '1.1.0' ],
21 silly audit   'uri-js': [ '4.4.1' ],
21 silly audit   'value-equal': [ '1.0.1' ],
21 silly audit   warning: [ '4.0.3' ],
21 silly audit   which: [ '2.0.2' ],
21 silly audit   'which-boxed-primitive': [ '1.1.1' ],
21 silly audit   'which-builtin-type': [ '1.2.1' ],
21 silly audit   'which-collection': [ '1.0.2' ],
21 silly audit   'which-typed-array': [ '1.1.18' ],
21 silly audit   'word-wrap': [ '1.2.5' ],
21 silly audit   'yocto-queue': [ '0.1.0' ],
21 silly audit   postgres: [ '3.4.5' ]
21 silly audit }
22 verbose reify failed optional dependency G:\notai\VSCodeProjects\tacommodity\node_modules\@next\swc-win32-arm64-msvc
23 silly reify mark deleted [
23 silly reify   'G:\\notai\\VSCodeProjects\\tacommodity\\node_modules\\@next\\swc-win32-arm64-msvc'
23 silly reify ]
24 verbose reify failed optional dependency G:\notai\VSCodeProjects\tacommodity\node_modules\@next\swc-linux-x64-musl
25 silly reify mark deleted [
25 silly reify   'G:\\notai\\VSCodeProjects\\tacommodity\\node_modules\\@next\\swc-linux-x64-musl'
25 silly reify ]
26 verbose reify failed optional dependency G:\notai\VSCodeProjects\tacommodity\node_modules\@next\swc-linux-x64-gnu
27 silly reify mark deleted [
27 silly reify   'G:\\notai\\VSCodeProjects\\tacommodity\\node_modules\\@next\\swc-linux-x64-gnu'
27 silly reify ]
28 verbose reify failed optional dependency G:\notai\VSCodeProjects\tacommodity\node_modules\@next\swc-linux-arm64-musl
29 silly reify mark deleted [
29 silly reify   'G:\\notai\\VSCodeProjects\\tacommodity\\node_modules\\@next\\swc-linux-arm64-musl'
29 silly reify ]
30 verbose reify failed optional dependency G:\notai\VSCodeProjects\tacommodity\node_modules\@next\swc-linux-arm64-gnu
31 silly reify mark deleted [
31 silly reify   'G:\\notai\\VSCodeProjects\\tacommodity\\node_modules\\@next\\swc-linux-arm64-gnu'
31 silly reify ]
32 verbose reify failed optional dependency G:\notai\VSCodeProjects\tacommodity\node_modules\@next\swc-darwin-x64
33 silly reify mark deleted [
33 silly reify   'G:\\notai\\VSCodeProjects\\tacommodity\\node_modules\\@next\\swc-darwin-x64'
33 silly reify ]
34 verbose reify failed optional dependency G:\notai\VSCodeProjects\tacommodity\node_modules\@next\swc-darwin-arm64
35 silly reify mark deleted [
35 silly reify   'G:\\notai\\VSCodeProjects\\tacommodity\\node_modules\\@next\\swc-darwin-arm64'
35 silly reify ]
36 verbose reify failed optional dependency G:\notai\VSCodeProjects\tacommodity\node_modules\@img\sharp-win32-ia32
37 silly reify mark deleted [
37 silly reify   'G:\\notai\\VSCodeProjects\\tacommodity\\node_modules\\@img\\sharp-win32-ia32'
37 silly reify ]
38 verbose reify failed optional dependency G:\notai\VSCodeProjects\tacommodity\node_modules\@img\sharp-wasm32
39 silly reify mark deleted [
39 silly reify   'G:\\notai\\VSCodeProjects\\tacommodity\\node_modules\\@img\\sharp-wasm32'
39 silly reify ]
40 verbose reify failed optional dependency G:\notai\VSCodeProjects\tacommodity\node_modules\@emnapi\runtime
41 silly reify mark deleted [
41 silly reify   'G:\\notai\\VSCodeProjects\\tacommodity\\node_modules\\@emnapi\\runtime'
41 silly reify ]
42 verbose reify failed optional dependency G:\notai\VSCodeProjects\tacommodity\node_modules\@img\sharp-linuxmusl-x64
43 silly reify mark deleted [
43 silly reify   'G:\\notai\\VSCodeProjects\\tacommodity\\node_modules\\@img\\sharp-linuxmusl-x64'
43 silly reify ]
44 verbose reify failed optional dependency G:\notai\VSCodeProjects\tacommodity\node_modules\@img\sharp-linuxmusl-arm64
45 silly reify mark deleted [
45 silly reify   'G:\\notai\\VSCodeProjects\\tacommodity\\node_modules\\@img\\sharp-linuxmusl-arm64'
45 silly reify ]
46 verbose reify failed optional dependency G:\notai\VSCodeProjects\tacommodity\node_modules\@img\sharp-linux-x64
47 silly reify mark deleted [
47 silly reify   'G:\\notai\\VSCodeProjects\\tacommodity\\node_modules\\@img\\sharp-linux-x64'
47 silly reify ]
48 verbose reify failed optional dependency G:\notai\VSCodeProjects\tacommodity\node_modules\@img\sharp-linux-s390x
49 silly reify mark deleted [
49 silly reify   'G:\\notai\\VSCodeProjects\\tacommodity\\node_modules\\@img\\sharp-linux-s390x'
49 silly reify ]
50 verbose reify failed optional dependency G:\notai\VSCodeProjects\tacommodity\node_modules\@img\sharp-linux-arm64
51 silly reify mark deleted [
51 silly reify   'G:\\notai\\VSCodeProjects\\tacommodity\\node_modules\\@img\\sharp-linux-arm64'
51 silly reify ]
52 verbose reify failed optional dependency G:\notai\VSCodeProjects\tacommodity\node_modules\@img\sharp-linux-arm
53 silly reify mark deleted [
53 silly reify   'G:\\notai\\VSCodeProjects\\tacommodity\\node_modules\\@img\\sharp-linux-arm'
53 silly reify ]
54 verbose reify failed optional dependency G:\notai\VSCodeProjects\tacommodity\node_modules\@img\sharp-libvips-linuxmusl-x64
55 silly reify mark deleted [
55 silly reify   'G:\\notai\\VSCodeProjects\\tacommodity\\node_modules\\@img\\sharp-libvips-linuxmusl-x64'
55 silly reify ]
56 verbose reify failed optional dependency G:\notai\VSCodeProjects\tacommodity\node_modules\@img\sharp-libvips-linuxmusl-arm64
57 silly reify mark deleted [
57 silly reify   'G:\\notai\\VSCodeProjects\\tacommodity\\node_modules\\@img\\sharp-libvips-linuxmusl-arm64'
57 silly reify ]
58 verbose reify failed optional dependency G:\notai\VSCodeProjects\tacommodity\node_modules\@img\sharp-libvips-linux-x64
59 silly reify mark deleted [
59 silly reify   'G:\\notai\\VSCodeProjects\\tacommodity\\node_modules\\@img\\sharp-libvips-linux-x64'
59 silly reify ]
60 verbose reify failed optional dependency G:\notai\VSCodeProjects\tacommodity\node_modules\@img\sharp-libvips-linux-s390x
61 silly reify mark deleted [
61 silly reify   'G:\\notai\\VSCodeProjects\\tacommodity\\node_modules\\@img\\sharp-libvips-linux-s390x'
61 silly reify ]
62 verbose reify failed optional dependency G:\notai\VSCodeProjects\tacommodity\node_modules\@img\sharp-libvips-linux-arm64
63 silly reify mark deleted [
63 silly reify   'G:\\notai\\VSCodeProjects\\tacommodity\\node_modules\\@img\\sharp-libvips-linux-arm64'
63 silly reify ]
64 verbose reify failed optional dependency G:\notai\VSCodeProjects\tacommodity\node_modules\@img\sharp-libvips-linux-arm
65 silly reify mark deleted [
65 silly reify   'G:\\notai\\VSCodeProjects\\tacommodity\\node_modules\\@img\\sharp-libvips-linux-arm'
65 silly reify ]
66 verbose reify failed optional dependency G:\notai\VSCodeProjects\tacommodity\node_modules\@img\sharp-libvips-darwin-x64
67 silly reify mark deleted [
67 silly reify   'G:\\notai\\VSCodeProjects\\tacommodity\\node_modules\\@img\\sharp-libvips-darwin-x64'
67 silly reify ]
68 verbose reify failed optional dependency G:\notai\VSCodeProjects\tacommodity\node_modules\@img\sharp-libvips-darwin-arm64
69 silly reify mark deleted [
69 silly reify   'G:\\notai\\VSCodeProjects\\tacommodity\\node_modules\\@img\\sharp-libvips-darwin-arm64'
69 silly reify ]
70 verbose reify failed optional dependency G:\notai\VSCodeProjects\tacommodity\node_modules\@img\sharp-darwin-x64
71 silly reify mark deleted [
71 silly reify   'G:\\notai\\VSCodeProjects\\tacommodity\\node_modules\\@img\\sharp-darwin-x64'
71 silly reify ]
72 verbose reify failed optional dependency G:\notai\VSCodeProjects\tacommodity\node_modules\@img\sharp-darwin-arm64
73 silly reify mark deleted [
73 silly reify   'G:\\notai\\VSCodeProjects\\tacommodity\\node_modules\\@img\\sharp-darwin-arm64'
73 silly reify ]
74 silly tarball no local data for postgres@https://registry.npmjs.org/postgres/-/postgres-3.4.5.tgz. Extracting by manifest.
75 http fetch POST 200 https://registry.npmjs.org/-/npm/v1/security/advisories/bulk 423ms
76 silly audit report {}
77 http fetch GET 200 https://registry.npmjs.org/postgres/-/postgres-3.4.5.tgz 1086ms (cache miss)
78 silly ADD node_modules/postgres
79 silly ADD
80 silly ADD
81 silly ADD
82 silly ADD
83 silly ADD
84 silly ADD
85 silly ADD
86 silly ADD
87 silly ADD
88 silly ADD
89 silly ADD
90 silly ADD
91 silly ADD
92 silly ADD
93 silly ADD
94 silly ADD
95 silly ADD
96 silly ADD
97 silly ADD
98 silly ADD
99 silly ADD
100 silly ADD
101 silly ADD
102 silly ADD
103 silly ADD
104 silly ADD
105 verbose cwd G:\notai\VSCodeProjects\tacommodity
106 verbose os Windows_NT 10.0.22631
107 verbose node v20.9.0
108 verbose npm  v10.8.1
109 verbose exit 0
110 info ok
