0 verbose cli C:\Program Files\nodejs\node.exe C:\Users\notai\AppData\Roaming\npm\node_modules\npm\bin\npm-cli.js
1 info using npm@10.8.1
2 info using node@v20.9.0
3 silly config load:file:C:\Users\notai\AppData\Roaming\npm\node_modules\npm\npmrc
4 silly config load:file:g:\notai\VSCodeProjects\tacommodity\.npmrc
5 silly config load:file:C:\Users\notai\.npmrc
6 silly config load:file:C:\Users\notai\AppData\Roaming\npm\etc\npmrc
7 verbose title npm outdated
8 verbose argv "outdated" "--json"
9 verbose logfile logs-max:10 dir:G:\notai\VSCodeProjects\tacommodity\notai\packages\npm\_logs\2025-02-24T13_40_31_132Z-
10 verbose logfile G:\notai\VSCodeProjects\tacommodity\notai\packages\npm\_logs\2025-02-24T13_40_31_132Z-debug-0.log
11 silly packumentCache heap:4345298944 maxSize:1086324736 maxEntrySize:543162368
12 silly logfile start cleaning logs, removing 2 files
13 silly logfile done cleaning log files
14 http fetch GET 200 https://registry.npmjs.org/bootstrap-icons 2123ms (cache miss)
15 http fetch GET 200 https://registry.npmjs.org/postgres 3423ms (cache miss)
16 http fetch GET 200 https://registry.npmjs.org/@eslint%2feslintrc 3576ms (cache updated)
17 http fetch GET 200 https://registry.npmjs.org/swiper 3775ms (cache miss)
18 http fetch GET 200 https://registry.npmjs.org/react-countup 4599ms (cache miss)
19 http fetch GET 200 https://registry.npmjs.org/react 5972ms (cache updated)
20 http fetch GET 200 https://registry.npmjs.org/react-dom 7532ms (cache updated)
21 http fetch GET 200 https://registry.npmjs.org/bootstrap 8569ms (cache updated)
22 http fetch GET 200 https://registry.npmjs.org/isotope-layout 9713ms (cache miss)
23 http fetch GET 200 https://registry.npmjs.org/react-bootstrap-icons 9801ms (cache miss)
24 http fetch GET 200 https://registry.npmjs.org/eslint-config-next 9802ms (cache updated)
25 http fetch GET 200 https://registry.npmjs.org/eslint 11654ms (cache updated)
26 http fetch GET 200 https://registry.npmjs.org/aos 16418ms (cache miss)
27 http fetch GET https://registry.npmjs.org/next attempt 1 failed with ECONNRESET
28 http fetch GET https://registry.npmjs.org/boxicons attempt 1 failed with ETIMEDOUT
29 http fetch GET https://registry.npmjs.org/@srexi%2fpurecounterjs attempt 1 failed with ETIMEDOUT
30 http fetch GET https://registry.npmjs.org/boxicons attempt 2 failed with ECONNRESET
31 http fetch GET 200 https://registry.npmjs.org/next 34576ms attempt #2 (cache updated)
32 http fetch GET https://registry.npmjs.org/@srexi%2fpurecounterjs attempt 2 failed with ECONNRESET
33 http fetch GET 200 https://registry.npmjs.org/boxicons 93643ms attempt #3 (cache miss)
34 http fetch GET 200 https://registry.npmjs.org/@srexi%2fpurecounterjs 130267ms attempt #3 (cache miss)
35 verbose cwd g:\notai\VSCodeProjects\tacommodity
36 verbose os Windows_NT 10.0.22631
37 verbose node v20.9.0
38 verbose npm  v10.8.1
39 verbose exit 1
40 verbose code 1
