0 verbose cli C:\Program Files\nodejs\node.exe C:\Program Files\nodejs\node_modules\npm\bin\npm-cli.js
1 info using npm@10.1.0
2 info using node@v20.9.0
3 timing npm:load:whichnode Completed in 15ms
4 timing config:load:defaults Completed in 15ms
5 timing config:load:file:C:\Program Files\nodejs\node_modules\npm\npmrc Completed in 16ms
6 timing config:load:builtin Completed in 16ms
7 timing config:load:cli Completed in 4ms
8 timing config:load:env Completed in 2ms
9 timing config:load:project Completed in 1ms
10 timing config:load:file:C:\Users\notai\.npmrc Completed in 18ms
11 timing config:load:user Completed in 18ms
12 timing config:load:file:C:\Users\notai\AppData\Roaming\npm\etc\npmrc Completed in 52ms
13 timing config:load:global Completed in 53ms
14 timing config:load:setEnvs Completed in 3ms
15 timing config:load Completed in 120ms
16 timing npm:load:configload Completed in 120ms
17 timing config:load:flatten Completed in 5ms
18 timing npm:load:mkdirpcache Completed in 1ms
19 timing npm:load:mkdirplogs Completed in 1ms
20 verbose title npm prefix
21 verbose argv "prefix" "--global"
22 timing npm:load:setTitle Completed in 6ms
23 timing npm:load:display Completed in 3ms
24 verbose logfile logs-max:10 dir:G:\notai\VSCodeProjects\tacommodity\notai\packages\npm\_logs\2025-02-24T13_40_30_066Z-
25 verbose logfile G:\notai\VSCodeProjects\tacommodity\notai\packages\npm\_logs\2025-02-24T13_40_30_066Z-debug-0.log
26 timing npm:load:logFile Completed in 27ms
27 timing npm:load:timers Completed in 0ms
28 timing npm:load:configScope Completed in 0ms
29 timing npm:load Completed in 267ms
30 timing command:prefix Completed in 3ms
31 verbose exit 0
32 timing npm Completed in 575ms
33 info ok
